# JRE version: OpenJDK Runtime Environment (15.0.1+9) (build 15.0.1+9)
# Java VM: OpenJDK 64-Bit Server VM (15.0.1+9, mixed mode, sharing, tiered, compressed oops, g1 gc, bsd-amd64)
GC Precious Log:
 CPUs: 8 total, 8 available
 Memory: 16384M
 Large Page Support: Disabled
 NUMA Support: Disabled
 Compressed Oops: Enabled (Zero based)
 Heap Region Size: 2M
 Heap Min Capacity: 8M
 Heap Initial Capacity: 256M
 Heap Max Capacity: 4G
 Pre-touch: Disabled
 Parallel Workers: 8
 Concurrent Workers: 2
 Concurrent Refinement Workers: 8
 Periodic GC: Disabled
Heap:
 garbage-first heap   total 868352K, used 494584K [0x0000000700000000, 0x0000000800000000)
  region size 2048K, 91 young (186368K), 3 survivors (6144K)
 Metaspace       used 7973K, capacity 11058K, committed 11392K, reserved 1058816K
  class space    used 1016K, capacity 1339K, committed 1408K, reserved 1048576K
GC Heap History (20 events):
Event: 61.334 GC heap before
{Heap before GC invocations=32 (full 0):
 garbage-first heap   total 585728K, used 453451K [0x0000000700000000, 0x0000000800000000)
  region size 2048K, 93 young (190464K), 14 survivors (28672K)
 Metaspace       used 7967K, capacity 11058K, committed 11392K, reserved 1058816K
  class space    used 1015K, capacity 1339K, committed 1408K, reserved 1048576K
}
Event: 61.371 GC heap after
{Heap after GC invocations=33 (full 0):
 garbage-first heap   total 585728K, used 332518K [0x0000000700000000, 0x0000000800000000)
  region size 2048K, 12 young (24576K), 12 survivors (24576K)
 Metaspace       used 7967K, capacity 11058K, committed 11392K, reserved 1058816K
  class space    used 1015K, capacity 1339K, committed 1408K, reserved 1048576K
}
Event: 63.920 GC heap before
{Heap before GC invocations=34 (full 0):
 garbage-first heap   total 690176K, used 451302K [0x0000000700000000, 0x0000000800000000)
  region size 2048K, 72 young (147456K), 12 survivors (24576K)
 Metaspace       used 7967K, capacity 11058K, committed 11392K, reserved 1058816K
  class space    used 1015K, capacity 1339K, committed 1408K, reserved 1048576K
}
Event: 63.946 GC heap after
{Heap after GC invocations=35 (full 0):
 garbage-first heap   total 690176K, used 343931K [0x0000000700000000, 0x0000000800000000)
  region size 2048K, 7 young (14336K), 7 survivors (14336K)
 Metaspace       used 7967K, capacity 11058K, committed 11392K, reserved 1058816K
  class space    used 1015K, capacity 1339K, committed 1408K, reserved 1048576K
}
Event: 64.439 GC heap before
{Heap before GC invocations=35 (full 0):
 garbage-first heap   total 690176K, used 536443K [0x0000000700000000, 0x0000000800000000)
  region size 2048K, 101 young (206848K), 7 survivors (14336K)
 Metaspace       used 7967K, capacity 11058K, committed 11392K, reserved 1058816K
  class space    used 1015K, capacity 1339K, committed 1408K, reserved 1048576K
}
Event: 64.451 GC heap after
{Heap after GC invocations=36 (full 0):
 garbage-first heap   total 690176K, used 351262K [0x0000000700000000, 0x0000000800000000)
  region size 2048K, 11 young (22528K), 11 survivors (22528K)
 Metaspace       used 7967K, capacity 11058K, committed 11392K, reserved 1058816K
  class space    used 1015K, capacity 1339K, committed 1408K, reserved 1048576K
}
Event: 68.653 GC heap before
{Heap before GC invocations=37 (full 0):
 garbage-first heap   total 690176K, used 549918K [0x0000000700000000, 0x0000000800000000)
  region size 2048K, 108 young (221184K), 11 survivors (22528K)
 Metaspace       used 7967K, capacity 11058K, committed 11392K, reserved 1058816K
  class space    used 1015K, capacity 1339K, committed 1408K, reserved 1048576K
}
Event: 68.670 GC heap after
{Heap after GC invocations=38 (full 0):
 garbage-first heap   total 690176K, used 362789K [0x0000000700000000, 0x0000000800000000)
  region size 2048K, 14 young (28672K), 14 survivors (28672K)
 Metaspace       used 7967K, capacity 11058K, committed 11392K, reserved 1058816K
  class space    used 1015K, capacity 1339K, committed 1408K, reserved 1048576K
}
Event: 68.909 GC heap before
{Heap before GC invocations=38 (full 0):
 garbage-first heap   total 690176K, used 551205K [0x0000000700000000, 0x0000000800000000)
  region size 2048K, 106 young (217088K), 14 survivors (28672K)
 Metaspace       used 7967K, capacity 11058K, committed 11392K, reserved 1058816K
  class space    used 1015K, capacity 1339K, committed 1408K, reserved 1048576K
}
Event: 68.925 GC heap after
{Heap after GC invocations=39 (full 0):
 garbage-first heap   total 690176K, used 373448K [0x0000000700000000, 0x0000000800000000)
  region size 2048K, 6 young (12288K), 6 survivors (12288K)
 Metaspace       used 7967K, capacity 11058K, committed 11392K, reserved 1058816K
  class space    used 1015K, capacity 1339K, committed 1408K, reserved 1048576K
}
Event: 70.651 GC heap before
{Heap before GC invocations=40 (full 0):
 garbage-first heap   total 700416K, used 559816K [0x0000000700000000, 0x0000000800000000)
  region size 2048K, 97 young (198656K), 6 survivors (12288K)
 Metaspace       used 7967K, capacity 11058K, committed 11392K, reserved 1058816K
  class space    used 1015K, capacity 1339K, committed 1408K, reserved 1048576K
}
Event: 70.663 GC heap after
{Heap after GC invocations=41 (full 0):
 garbage-first heap   total 700416K, used 389195K [0x0000000700000000, 0x0000000800000000)
  region size 2048K, 13 young (26624K), 13 survivors (26624K)
 Metaspace       used 7967K, capacity 11058K, committed 11392K, reserved 1058816K
  class space    used 1015K, capacity 1339K, committed 1408K, reserved 1048576K
}
Event: 70.666 GC heap before
{Heap before GC invocations=41 (full 0):
 garbage-first heap   total 700416K, used 397387K [0x0000000700000000, 0x0000000800000000)
  region size 2048K, 17 young (34816K), 13 survivors (26624K)
 Metaspace       used 7967K, capacity 11058K, committed 11392K, reserved 1058816K
  class space    used 1015K, capacity 1339K, committed 1408K, reserved 1048576K
}
Event: 70.707 GC heap after
{Heap after GC invocations=42 (full 0):
 garbage-first heap   total 700416K, used 360801K [0x0000000700000000, 0x0000000800000000)
  region size 2048K, 1 young (2048K), 1 survivors (2048K)
 Metaspace       used 7967K, capacity 11058K, committed 11392K, reserved 1058816K
  class space    used 1015K, capacity 1339K, committed 1408K, reserved 1048576K
}
Event: 72.120 GC heap before
{Heap before GC invocations=42 (full 0):
 garbage-first heap   total 700416K, used 563553K [0x0000000700000000, 0x0000000800000000)
  region size 2048K, 100 young (204800K), 1 survivors (2048K)
 Metaspace       used 7970K, capacity 11058K, committed 11392K, reserved 1058816K
  class space    used 1016K, capacity 1339K, committed 1408K, reserved 1048576K
}
Event: 72.130 GC heap after
{Heap after GC invocations=43 (full 0):
 garbage-first heap   total 700416K, used 378013K [0x0000000700000000, 0x0000000800000000)
  region size 2048K, 9 young (18432K), 9 survivors (18432K)
 Metaspace       used 7970K, capacity 11058K, committed 11392K, reserved 1058816K
  class space    used 1016K, capacity 1339K, committed 1408K, reserved 1048576K
}
Event: 73.503 GC heap before
{Heap before GC invocations=44 (full 0):
 garbage-first heap   total 868352K, used 556189K [0x0000000700000000, 0x0000000800000000)
  region size 2048K, 101 young (206848K), 9 survivors (18432K)
 Metaspace       used 7973K, capacity 11058K, committed 11392K, reserved 1058816K
  class space    used 1016K, capacity 1339K, committed 1408K, reserved 1048576K
}
Event: 73.511 GC heap after
{Heap after GC invocations=45 (full 0):
 garbage-first heap   total 868352K, used 360364K [0x0000000700000000, 0x0000000800000000)
  region size 2048K, 5 young (10240K), 5 survivors (10240K)
 Metaspace       used 7973K, capacity 11058K, committed 11392K, reserved 1058816K
  class space    used 1016K, capacity 1339K, committed 1408K, reserved 1048576K
}
Event: 73.556 GC heap before
{Heap before GC invocations=45 (full 0):
 garbage-first heap   total 868352K, used 393132K [0x0000000700000000, 0x0000000800000000)
  region size 2048K, 21 young (43008K), 5 survivors (10240K)
 Metaspace       used 7973K, capacity 11058K, committed 11392K, reserved 1058816K
  class space    used 1016K, capacity 1339K, committed 1408K, reserved 1048576K
}
Event: 73.584 GC heap after
{Heap after GC invocations=46 (full 0):
 garbage-first heap   total 868352K, used 316408K [0x0000000700000000, 0x0000000800000000)
  region size 2048K, 3 young (6144K), 3 survivors (6144K)
 Metaspace       used 7973K, capacity 11058K, committed 11392K, reserved 1058816K
  class space    used 1016K, capacity 1339K, committed 1408K, reserved 1048576K
}

