# JRE version: OpenJDK Runtime Environment (15.0.1+9) (build 15.0.1+9)
# Java VM: OpenJDK 64-Bit Server VM (15.0.1+9, mixed mode, sharing, tiered, compressed oops, g1 gc, bsd-amd64)
GC Precious Log:
 CPUs: 8 total, 8 available
 Memory: 16384M
 Large Page Support: Disabled
 NUMA Support: Disabled
 Compressed Oops: Enabled (Zero based)
 Heap Region Size: 2M
 Heap Min Capacity: 8M
 Heap Initial Capacity: 256M
 Heap Max Capacity: 4G
 Pre-touch: Disabled
 Parallel Workers: 8
 Concurrent Workers: 2
 Concurrent Refinement Workers: 8
 Periodic GC: Disabled
Heap:
 garbage-first heap   total 266240K, used 112865K [0x0000000700000000, 0x0000000800000000)
  region size 2048K, 50 young (102400K), 4 survivors (8192K)
 Metaspace       used 9894K, capacity 12812K, committed 13184K, reserved 1060864K
  class space    used 1280K, capacity 1584K, committed 1664K, reserved 1048576K
GC Heap History (8 events):
Event: 2.123 GC heap before
{Heap before GC invocations=0 (full 0):
 garbage-first heap   total 266240K, used 22312K [0x0000000700000000, 0x0000000800000000)
  region size 2048K, 11 young (22528K), 0 survivors (0K)
 Metaspace       used 7963K, capacity 11046K, committed 11392K, reserved 1058816K
  class space    used 1049K, capacity 1360K, committed 1408K, reserved 1048576K
}
Event: 2.126 GC heap after
{Heap after GC invocations=1 (full 0):
 garbage-first heap   total 266240K, used 4343K [0x0000000700000000, 0x0000000800000000)
  region size 2048K, 2 young (4096K), 2 survivors (4096K)
 Metaspace       used 7963K, capacity 11046K, committed 11392K, reserved 1058816K
  class space    used 1049K, capacity 1360K, committed 1408K, reserved 1048576K
}
Event: 3.290 GC heap before
{Heap before GC invocations=1 (full 0):
 garbage-first heap   total 266240K, used 35063K [0x0000000700000000, 0x0000000800000000)
  region size 2048K, 17 young (34816K), 2 survivors (4096K)
 Metaspace       used 8443K, capacity 11529K, committed 11648K, reserved 1058816K
  class space    used 1096K, capacity 1392K, committed 1408K, reserved 1048576K
}
Event: 3.297 GC heap after
{Heap after GC invocations=2 (full 0):
 garbage-first heap   total 266240K, used 7561K [0x0000000700000000, 0x0000000800000000)
  region size 2048K, 3 young (6144K), 3 survivors (6144K)
 Metaspace       used 8443K, capacity 11529K, committed 11648K, reserved 1058816K
  class space    used 1096K, capacity 1392K, committed 1408K, reserved 1048576K
}
Event: 5.836 GC heap before
{Heap before GC invocations=2 (full 0):
 garbage-first heap   total 266240K, used 157065K [0x0000000700000000, 0x0000000800000000)
  region size 2048K, 76 young (155648K), 3 survivors (6144K)
 Metaspace       used 9652K, capacity 12619K, committed 12928K, reserved 1060864K
  class space    used 1261K, capacity 1584K, committed 1664K, reserved 1048576K
}
Event: 5.860 GC heap after
{Heap after GC invocations=3 (full 0):
 garbage-first heap   total 266240K, used 17525K [0x0000000700000000, 0x0000000800000000)
  region size 2048K, 8 young (16384K), 8 survivors (16384K)
 Metaspace       used 9652K, capacity 12619K, committed 12928K, reserved 1060864K
  class space    used 1261K, capacity 1584K, committed 1664K, reserved 1048576K
}
Event: 7.194 GC heap before
{Heap before GC invocations=3 (full 0):
 garbage-first heap   total 266240K, used 156789K [0x0000000700000000, 0x0000000800000000)
  region size 2048K, 76 young (155648K), 8 survivors (16384K)
 Metaspace       used 9788K, capacity 12747K, committed 13184K, reserved 1060864K
  class space    used 1267K, capacity 1584K, committed 1664K, reserved 1048576K
}
Event: 7.210 GC heap after
{Heap after GC invocations=4 (full 0):
 garbage-first heap   total 266240K, used 20705K [0x0000000700000000, 0x0000000800000000)
  region size 2048K, 4 young (8192K), 4 survivors (8192K)
 Metaspace       used 9788K, capacity 12747K, committed 13184K, reserved 1060864K
  class space    used 1267K, capacity 1584K, committed 1664K, reserved 1048576K
}

