# JRE version: OpenJDK Runtime Environment (15.0.1+9) (build 15.0.1+9)
# Java VM: OpenJDK 64-Bit Server VM (15.0.1+9, mixed mode, sharing, tiered, compressed oops, g1 gc, bsd-amd64)
GC Precious Log:
 CPUs: 8 total, 8 available
 Memory: 16384M
 Large Page Support: Disabled
 NUMA Support: Disabled
 Compressed Oops: Enabled (Zero based)
 Heap Region Size: 2M
 Heap Min Capacity: 8M
 Heap Initial Capacity: 256M
 Heap Max Capacity: 4G
 Pre-touch: Disabled
 Parallel Workers: 8
 Concurrent Workers: 2
 Concurrent Refinement Workers: 8
 Periodic GC: Disabled
Heap:
 garbage-first heap   total 319488K, used 71345K [0x0000000700000000, 0x0000000800000000)
  region size 2048K, 9 young (18432K), 8 survivors (16384K)
 Metaspace       used 8205K, capacity 11240K, committed 11392K, reserved 1058816K
  class space    used 1022K, capacity 1356K, committed 1408K, reserved 1048576K
GC Heap History (16 events):
Event: 1.644 GC heap before
{Heap before GC invocations=0 (full 0):
 garbage-first heap   total 266240K, used 22312K [0x0000000700000000, 0x0000000800000000)
  region size 2048K, 11 young (22528K), 0 survivors (0K)
 Metaspace       used 7376K, capacity 10594K, committed 10880K, reserved 1058816K
  class space    used 973K, capacity 1292K, committed 1408K, reserved 1048576K
}
Event: 1.648 GC heap after
{Heap after GC invocations=1 (full 0):
 garbage-first heap   total 266240K, used 4226K [0x0000000700000000, 0x0000000800000000)
  region size 2048K, 2 young (4096K), 2 survivors (4096K)
 Metaspace       used 7376K, capacity 10594K, committed 10880K, reserved 1058816K
  class space    used 973K, capacity 1292K, committed 1408K, reserved 1048576K
}
Event: 2.679 GC heap before
{Heap before GC invocations=1 (full 0):
 garbage-first heap   total 266240K, used 36994K [0x0000000700000000, 0x0000000800000000)
  region size 2048K, 18 young (36864K), 2 survivors (4096K)
 Metaspace       used 7924K, capacity 11043K, committed 11136K, reserved 1058816K
  class space    used 1021K, capacity 1356K, committed 1408K, reserved 1048576K
}
Event: 2.688 GC heap after
{Heap after GC invocations=2 (full 0):
 garbage-first heap   total 266240K, used 7554K [0x0000000700000000, 0x0000000800000000)
  region size 2048K, 3 young (6144K), 3 survivors (6144K)
 Metaspace       used 7924K, capacity 11043K, committed 11136K, reserved 1058816K
  class space    used 1021K, capacity 1356K, committed 1408K, reserved 1048576K
}
Event: 5.514 GC heap before
{Heap before GC invocations=2 (full 0):
 garbage-first heap   total 266240K, used 146818K [0x0000000700000000, 0x0000000800000000)
  region size 2048K, 71 young (145408K), 3 survivors (6144K)
 Metaspace       used 8082K, capacity 11173K, committed 11392K, reserved 1058816K
  class space    used 1022K, capacity 1356K, committed 1408K, reserved 1048576K
}
Event: 5.549 GC heap after
{Heap after GC invocations=3 (full 0):
 garbage-first heap   total 266240K, used 20973K [0x0000000700000000, 0x0000000800000000)
  region size 2048K, 9 young (18432K), 9 survivors (18432K)
 Metaspace       used 8082K, capacity 11173K, committed 11392K, reserved 1058816K
  class space    used 1022K, capacity 1356K, committed 1408K, reserved 1048576K
}
Event: 7.428 GC heap before
{Heap before GC invocations=3 (full 0):
 garbage-first heap   total 266240K, used 158189K [0x0000000700000000, 0x0000000800000000)
  region size 2048K, 76 young (155648K), 9 survivors (18432K)
 Metaspace       used 8141K, capacity 11174K, committed 11392K, reserved 1058816K
  class space    used 1022K, capacity 1356K, committed 1408K, reserved 1048576K
}
Event: 7.457 GC heap after
{Heap after GC invocations=4 (full 0):
 garbage-first heap   total 266240K, used 31672K [0x0000000700000000, 0x0000000800000000)
  region size 2048K, 8 young (16384K), 8 survivors (16384K)
 Metaspace       used 8141K, capacity 11174K, committed 11392K, reserved 1058816K
  class space    used 1022K, capacity 1356K, committed 1408K, reserved 1048576K
}
Event: 9.231 GC heap before
{Heap before GC invocations=4 (full 0):
 garbage-first heap   total 266240K, used 170936K [0x0000000700000000, 0x0000000800000000)
  region size 2048K, 76 young (155648K), 8 survivors (16384K)
 Metaspace       used 8166K, capacity 11239K, committed 11392K, reserved 1058816K
  class space    used 1022K, capacity 1356K, committed 1408K, reserved 1048576K
}
Event: 9.248 GC heap after
{Heap after GC invocations=5 (full 0):
 garbage-first heap   total 266240K, used 40041K [0x0000000700000000, 0x0000000800000000)
  region size 2048K, 7 young (14336K), 7 survivors (14336K)
 Metaspace       used 8166K, capacity 11239K, committed 11392K, reserved 1058816K
  class space    used 1022K, capacity 1356K, committed 1408K, reserved 1048576K
}
Event: 11.219 GC heap before
{Heap before GC invocations=5 (full 0):
 garbage-first heap   total 266240K, used 181353K [0x0000000700000000, 0x0000000800000000)
  region size 2048K, 76 young (155648K), 7 survivors (14336K)
 Metaspace       used 8178K, capacity 11239K, committed 11392K, reserved 1058816K
  class space    used 1022K, capacity 1356K, committed 1408K, reserved 1048576K
}
Event: 11.237 GC heap after
{Heap after GC invocations=6 (full 0):
 garbage-first heap   total 319488K, used 49542K [0x0000000700000000, 0x0000000800000000)
  region size 2048K, 7 young (14336K), 7 survivors (14336K)
 Metaspace       used 8178K, capacity 11239K, committed 11392K, reserved 1058816K
  class space    used 1022K, capacity 1356K, committed 1408K, reserved 1048576K
}
Event: 13.778 GC heap before
{Heap before GC invocations=6 (full 0):
 garbage-first heap   total 319488K, used 225670K [0x0000000700000000, 0x0000000800000000)
  region size 2048K, 93 young (190464K), 7 survivors (14336K)
 Metaspace       used 8180K, capacity 11239K, committed 11392K, reserved 1058816K
  class space    used 1022K, capacity 1356K, committed 1408K, reserved 1048576K
}
Event: 13.801 GC heap after
{Heap after GC invocations=7 (full 0):
 garbage-first heap   total 319488K, used 60714K [0x0000000700000000, 0x0000000800000000)
  region size 2048K, 8 young (16384K), 8 survivors (16384K)
 Metaspace       used 8180K, capacity 11239K, committed 11392K, reserved 1058816K
  class space    used 1022K, capacity 1356K, committed 1408K, reserved 1048576K
}
Event: 16.145 GC heap before
{Heap before GC invocations=7 (full 0):
 garbage-first heap   total 319488K, used 234794K [0x0000000700000000, 0x0000000800000000)
  region size 2048K, 93 young (190464K), 8 survivors (16384K)
 Metaspace       used 8205K, capacity 11240K, committed 11392K, reserved 1058816K
  class space    used 1022K, capacity 1356K, committed 1408K, reserved 1048576K
}
Event: 16.162 GC heap after
{Heap after GC invocations=8 (full 0):
 garbage-first heap   total 319488K, used 71345K [0x0000000700000000, 0x0000000800000000)
  region size 2048K, 8 young (16384K), 8 survivors (16384K)
 Metaspace       used 8205K, capacity 11240K, committed 11392K, reserved 1058816K
  class space    used 1022K, capacity 1356K, committed 1408K, reserved 1048576K
}

