# JRE version: OpenJDK Runtime Environment (15.0.1+9) (build 15.0.1+9)
# Java VM: OpenJDK 64-Bit Server VM (15.0.1+9, mixed mode, sharing, tiered, compressed oops, g1 gc, bsd-amd64)
GC Precious Log:
 CPUs: 8 total, 8 available
 Memory: 16384M
 Large Page Support: Disabled
 NUMA Support: Disabled
 Compressed Oops: Enabled (Zero based)
 Heap Region Size: 2M
 Heap Min Capacity: 8M
 Heap Initial Capacity: 256M
 Heap Max Capacity: 4G
 Pre-touch: Disabled
 Parallel Workers: 8
 Concurrent Workers: 2
 Concurrent Refinement Workers: 8
 Periodic GC: Disabled
Heap:
 garbage-first heap   total 602112K, used 196839K [0x0000000700000000, 0x0000000800000000)
  region size 2048K, 42 young (86016K), 7 survivors (14336K)
 Metaspace       used 8019K, capacity 11136K, committed 11392K, reserved 1058816K
  class space    used 1020K, capacity 1343K, committed 1408K, reserved 1048576K
GC Heap History (20 events):
Event: 10.504 GC heap before
{Heap before GC invocations=13 (full 0):
 garbage-first heap   total 501760K, used 334383K [0x0000000700000000, 0x0000000800000000)
  region size 2048K, 147 young (301056K), 12 survivors (24576K)
 Metaspace       used 7972K, capacity 11136K, committed 11392K, reserved 1058816K
  class space    used 1019K, capacity 1343K, committed 1408K, reserved 1048576K
}
Event: 10.521 GC heap after
{Heap after GC invocations=14 (full 0):
 garbage-first heap   total 501760K, used 65355K [0x0000000700000000, 0x0000000800000000)
  region size 2048K, 12 young (24576K), 12 survivors (24576K)
 Metaspace       used 7972K, capacity 11136K, committed 11392K, reserved 1058816K
  class space    used 1019K, capacity 1343K, committed 1408K, reserved 1048576K
}
Event: 11.903 GC heap before
{Heap before GC invocations=14 (full 0):
 garbage-first heap   total 501760K, used 341835K [0x0000000700000000, 0x0000000800000000)
  region size 2048K, 147 young (301056K), 12 survivors (24576K)
 Metaspace       used 7979K, capacity 11136K, committed 11392K, reserved 1058816K
  class space    used 1019K, capacity 1343K, committed 1408K, reserved 1048576K
}
Event: 11.922 GC heap after
{Heap after GC invocations=15 (full 0):
 garbage-first heap   total 501760K, used 73370K [0x0000000700000000, 0x0000000800000000)
  region size 2048K, 14 young (28672K), 14 survivors (28672K)
 Metaspace       used 7979K, capacity 11136K, committed 11392K, reserved 1058816K
  class space    used 1019K, capacity 1343K, committed 1408K, reserved 1048576K
}
Event: 13.239 GC heap before
{Heap before GC invocations=15 (full 0):
 garbage-first heap   total 501760K, used 345754K [0x0000000700000000, 0x0000000800000000)
  region size 2048K, 147 young (301056K), 14 survivors (28672K)
 Metaspace       used 7985K, capacity 11136K, committed 11392K, reserved 1058816K
  class space    used 1019K, capacity 1343K, committed 1408K, reserved 1048576K
}
Event: 13.261 GC heap after
{Heap after GC invocations=16 (full 0):
 garbage-first heap   total 501760K, used 80541K [0x0000000700000000, 0x0000000800000000)
  region size 2048K, 12 young (24576K), 12 survivors (24576K)
 Metaspace       used 7985K, capacity 11136K, committed 11392K, reserved 1058816K
  class space    used 1019K, capacity 1343K, committed 1408K, reserved 1048576K
}
Event: 15.014 GC heap before
{Heap before GC invocations=16 (full 0):
 garbage-first heap   total 501760K, used 357021K [0x0000000700000000, 0x0000000800000000)
  region size 2048K, 147 young (301056K), 12 survivors (24576K)
 Metaspace       used 7989K, capacity 11136K, committed 11392K, reserved 1058816K
  class space    used 1019K, capacity 1343K, committed 1408K, reserved 1048576K
}
Event: 15.032 GC heap after
{Heap after GC invocations=17 (full 0):
 garbage-first heap   total 602112K, used 90672K [0x0000000700000000, 0x0000000800000000)
  region size 2048K, 14 young (28672K), 14 survivors (28672K)
 Metaspace       used 7989K, capacity 11136K, committed 11392K, reserved 1058816K
  class space    used 1019K, capacity 1343K, committed 1408K, reserved 1048576K
}
Event: 16.717 GC heap before
{Heap before GC invocations=17 (full 0):
 garbage-first heap   total 602112K, used 422448K [0x0000000700000000, 0x0000000800000000)
  region size 2048K, 176 young (360448K), 14 survivors (28672K)
 Metaspace       used 7991K, capacity 11136K, committed 11392K, reserved 1058816K
  class space    used 1019K, capacity 1343K, committed 1408K, reserved 1048576K
}
Event: 16.740 GC heap after
{Heap after GC invocations=18 (full 0):
 garbage-first heap   total 602112K, used 99222K [0x0000000700000000, 0x0000000800000000)
  region size 2048K, 14 young (28672K), 14 survivors (28672K)
 Metaspace       used 7991K, capacity 11136K, committed 11392K, reserved 1058816K
  class space    used 1019K, capacity 1343K, committed 1408K, reserved 1048576K
}
Event: 18.327 GC heap before
{Heap before GC invocations=18 (full 0):
 garbage-first heap   total 602112K, used 430998K [0x0000000700000000, 0x0000000800000000)
  region size 2048K, 176 young (360448K), 14 survivors (28672K)
 Metaspace       used 7998K, capacity 11136K, committed 11392K, reserved 1058816K
  class space    used 1019K, capacity 1343K, committed 1408K, reserved 1048576K
}
Event: 18.347 GC heap after
{Heap after GC invocations=19 (full 0):
 garbage-first heap   total 602112K, used 108535K [0x0000000700000000, 0x0000000800000000)
  region size 2048K, 14 young (28672K), 14 survivors (28672K)
 Metaspace       used 7998K, capacity 11136K, committed 11392K, reserved 1058816K
  class space    used 1019K, capacity 1343K, committed 1408K, reserved 1048576K
}
Event: 20.478 GC heap before
{Heap before GC invocations=19 (full 0):
 garbage-first heap   total 602112K, used 440311K [0x0000000700000000, 0x0000000800000000)
  region size 2048K, 176 young (360448K), 14 survivors (28672K)
 Metaspace       used 8004K, capacity 11136K, committed 11392K, reserved 1058816K
  class space    used 1019K, capacity 1343K, committed 1408K, reserved 1048576K
}
Event: 20.499 GC heap after
{Heap after GC invocations=20 (full 0):
 garbage-first heap   total 602112K, used 118350K [0x0000000700000000, 0x0000000800000000)
  region size 2048K, 14 young (28672K), 14 survivors (28672K)
 Metaspace       used 8004K, capacity 11136K, committed 11392K, reserved 1058816K
  class space    used 1019K, capacity 1343K, committed 1408K, reserved 1048576K
}
Event: 22.598 GC heap before
{Heap before GC invocations=20 (full 0):
 garbage-first heap   total 602112K, used 450126K [0x0000000700000000, 0x0000000800000000)
  region size 2048K, 176 young (360448K), 14 survivors (28672K)
 Metaspace       used 8004K, capacity 11136K, committed 11392K, reserved 1058816K
  class space    used 1019K, capacity 1343K, committed 1408K, reserved 1048576K
}
Event: 22.617 GC heap after
{Heap after GC invocations=21 (full 0):
 garbage-first heap   total 602112K, used 126871K [0x0000000700000000, 0x0000000800000000)
  region size 2048K, 14 young (28672K), 14 survivors (28672K)
 Metaspace       used 8004K, capacity 11136K, committed 11392K, reserved 1058816K
  class space    used 1019K, capacity 1343K, committed 1408K, reserved 1048576K
}
Event: 24.960 GC heap before
{Heap before GC invocations=21 (full 0):
 garbage-first heap   total 602112K, used 458647K [0x0000000700000000, 0x0000000800000000)
  region size 2048K, 176 young (360448K), 14 survivors (28672K)
 Metaspace       used 8005K, capacity 11136K, committed 11392K, reserved 1058816K
  class space    used 1019K, capacity 1343K, committed 1408K, reserved 1048576K
}
Event: 24.977 GC heap after
{Heap after GC invocations=22 (full 0):
 garbage-first heap   total 602112K, used 135964K [0x0000000700000000, 0x0000000800000000)
  region size 2048K, 14 young (28672K), 14 survivors (28672K)
 Metaspace       used 8005K, capacity 11136K, committed 11392K, reserved 1058816K
  class space    used 1019K, capacity 1343K, committed 1408K, reserved 1048576K
}
Event: 27.176 GC heap before
{Heap before GC invocations=22 (full 0):
 garbage-first heap   total 602112K, used 467740K [0x0000000700000000, 0x0000000800000000)
  region size 2048K, 176 young (360448K), 14 survivors (28672K)
 Metaspace       used 8014K, capacity 11136K, committed 11392K, reserved 1058816K
  class space    used 1020K, capacity 1343K, committed 1408K, reserved 1048576K
}
Event: 27.198 GC heap after
{Heap after GC invocations=23 (full 0):
 garbage-first heap   total 602112K, used 127207K [0x0000000700000000, 0x0000000800000000)
  region size 2048K, 7 young (14336K), 7 survivors (14336K)
 Metaspace       used 8014K, capacity 11136K, committed 11392K, reserved 1058816K
  class space    used 1020K, capacity 1343K, committed 1408K, reserved 1048576K
}

