# JRE version: OpenJDK Runtime Environment (15.0.1+9) (build 15.0.1+9)
# Java VM: OpenJDK 64-Bit Server VM (15.0.1+9, mixed mode, sharing, tiered, compressed oops, g1 gc, bsd-amd64)
GC Precious Log:
 CPUs: 8 total, 8 available
 Memory: 16384M
 Large Page Support: Disabled
 NUMA Support: Disabled
 Compressed Oops: Enabled (Zero based)
 Heap Region Size: 2M
 Heap Min Capacity: 8M
 Heap Initial Capacity: 256M
 Heap Max Capacity: 4G
 Pre-touch: Disabled
 Parallel Workers: 8
 Concurrent Workers: 2
 Concurrent Refinement Workers: 8
 Periodic GC: Disabled
Heap:
 garbage-first heap   total 352256K, used 188531K [0x0000000700000000, 0x0000000800000000)
  region size 2048K, 6 young (12288K), 5 survivors (10240K)
 Metaspace       used 8216K, capacity 11240K, committed 11392K, reserved 1058816K
  class space    used 1022K, capacity 1356K, committed 1408K, reserved 1048576K
GC Heap History (20 events):
Event: 17.705 GC heap before
{Heap before GC invocations=10 (full 0):
 garbage-first heap   total 319488K, used 246662K [0x0000000700000000, 0x0000000800000000)
  region size 2048K, 78 young (159744K), 9 survivors (18432K)
 Metaspace       used 8194K, capacity 11239K, committed 11392K, reserved 1058816K
  class space    used 1022K, capacity 1356K, committed 1408K, reserved 1048576K
}
Event: 17.721 GC heap after
{Heap after GC invocations=11 (full 0):
 garbage-first heap   total 319488K, used 115921K [0x0000000700000000, 0x0000000800000000)
  region size 2048K, 9 young (18432K), 9 survivors (18432K)
 Metaspace       used 8194K, capacity 11239K, committed 11392K, reserved 1058816K
  class space    used 1022K, capacity 1356K, committed 1408K, reserved 1048576K
}
Event: 19.018 GC heap before
{Heap before GC invocations=11 (full 0):
 garbage-first heap   total 319488K, used 246993K [0x0000000700000000, 0x0000000800000000)
  region size 2048K, 73 young (149504K), 9 survivors (18432K)
 Metaspace       used 8196K, capacity 11239K, committed 11392K, reserved 1058816K
  class space    used 1022K, capacity 1356K, committed 1408K, reserved 1048576K
}
Event: 19.032 GC heap after
{Heap after GC invocations=12 (full 0):
 garbage-first heap   total 319488K, used 125854K [0x0000000700000000, 0x0000000800000000)
  region size 2048K, 8 young (16384K), 8 survivors (16384K)
 Metaspace       used 8196K, capacity 11239K, committed 11392K, reserved 1058816K
  class space    used 1022K, capacity 1356K, committed 1408K, reserved 1048576K
}
Event: 20.185 GC heap before
{Heap before GC invocations=12 (full 0):
 garbage-first heap   total 319488K, used 250782K [0x0000000700000000, 0x0000000800000000)
  region size 2048K, 69 young (141312K), 8 survivors (16384K)
 Metaspace       used 8200K, capacity 11239K, committed 11392K, reserved 1058816K
  class space    used 1022K, capacity 1356K, committed 1408K, reserved 1048576K
}
Event: 20.199 GC heap after
{Heap after GC invocations=13 (full 0):
 garbage-first heap   total 319488K, used 135771K [0x0000000700000000, 0x0000000800000000)
  region size 2048K, 8 young (16384K), 8 survivors (16384K)
 Metaspace       used 8200K, capacity 11239K, committed 11392K, reserved 1058816K
  class space    used 1022K, capacity 1356K, committed 1408K, reserved 1048576K
}
Event: 21.218 GC heap before
{Heap before GC invocations=13 (full 0):
 garbage-first heap   total 319488K, used 252507K [0x0000000700000000, 0x0000000800000000)
  region size 2048K, 65 young (133120K), 8 survivors (16384K)
 Metaspace       used 8203K, capacity 11239K, committed 11392K, reserved 1058816K
  class space    used 1022K, capacity 1356K, committed 1408K, reserved 1048576K
}
Event: 21.231 GC heap after
{Heap after GC invocations=14 (full 0):
 garbage-first heap   total 319488K, used 144512K [0x0000000700000000, 0x0000000800000000)
  region size 2048K, 7 young (14336K), 7 survivors (14336K)
 Metaspace       used 8203K, capacity 11239K, committed 11392K, reserved 1058816K
  class space    used 1022K, capacity 1356K, committed 1408K, reserved 1048576K
}
Event: 22.201 GC heap before
{Heap before GC invocations=14 (full 0):
 garbage-first heap   total 319488K, used 255104K [0x0000000700000000, 0x0000000800000000)
  region size 2048K, 61 young (124928K), 7 survivors (14336K)
 Metaspace       used 8213K, capacity 11240K, committed 11392K, reserved 1058816K
  class space    used 1022K, capacity 1356K, committed 1408K, reserved 1048576K
}
Event: 22.212 GC heap after
{Heap after GC invocations=15 (full 0):
 garbage-first heap   total 319488K, used 151956K [0x0000000700000000, 0x0000000800000000)
  region size 2048K, 7 young (14336K), 7 survivors (14336K)
 Metaspace       used 8213K, capacity 11240K, committed 11392K, reserved 1058816K
  class space    used 1022K, capacity 1356K, committed 1408K, reserved 1048576K
}
Event: 23.016 GC heap before
{Heap before GC invocations=15 (full 0):
 garbage-first heap   total 319488K, used 254356K [0x0000000700000000, 0x0000000800000000)
  region size 2048K, 57 young (116736K), 7 survivors (14336K)
 Metaspace       used 8214K, capacity 11240K, committed 11392K, reserved 1058816K
  class space    used 1022K, capacity 1356K, committed 1408K, reserved 1048576K
}
Event: 23.026 GC heap after
{Heap after GC invocations=16 (full 0):
 garbage-first heap   total 319488K, used 160735K [0x0000000700000000, 0x0000000800000000)
  region size 2048K, 6 young (12288K), 6 survivors (12288K)
 Metaspace       used 8214K, capacity 11240K, committed 11392K, reserved 1058816K
  class space    used 1022K, capacity 1356K, committed 1408K, reserved 1048576K
}
Event: 23.858 GC heap before
{Heap before GC invocations=16 (full 0):
 garbage-first heap   total 319488K, used 256991K [0x0000000700000000, 0x0000000800000000)
  region size 2048K, 53 young (108544K), 6 survivors (12288K)
 Metaspace       used 8215K, capacity 11240K, committed 11392K, reserved 1058816K
  class space    used 1022K, capacity 1356K, committed 1408K, reserved 1048576K
}
Event: 23.869 GC heap after
{Heap after GC invocations=17 (full 0):
 garbage-first heap   total 319488K, used 167534K [0x0000000700000000, 0x0000000800000000)
  region size 2048K, 6 young (12288K), 6 survivors (12288K)
 Metaspace       used 8215K, capacity 11240K, committed 11392K, reserved 1058816K
  class space    used 1022K, capacity 1356K, committed 1408K, reserved 1048576K
}
Event: 24.832 GC heap before
{Heap before GC invocations=18 (full 0):
 garbage-first heap   total 325632K, used 257646K [0x0000000700000000, 0x0000000800000000)
  region size 2048K, 50 young (102400K), 6 survivors (12288K)
 Metaspace       used 8216K, capacity 11240K, committed 11392K, reserved 1058816K
  class space    used 1022K, capacity 1356K, committed 1408K, reserved 1048576K
}
Event: 24.843 GC heap after
{Heap after GC invocations=19 (full 0):
 garbage-first heap   total 325632K, used 174588K [0x0000000700000000, 0x0000000800000000)
  region size 2048K, 6 young (12288K), 6 survivors (12288K)
 Metaspace       used 8216K, capacity 11240K, committed 11392K, reserved 1058816K
  class space    used 1022K, capacity 1356K, committed 1408K, reserved 1048576K
}
Event: 25.629 GC heap before
{Heap before GC invocations=19 (full 0):
 garbage-first heap   total 325632K, used 262652K [0x0000000700000000, 0x0000000800000000)
  region size 2048K, 49 young (100352K), 6 survivors (12288K)
 Metaspace       used 8216K, capacity 11240K, committed 11392K, reserved 1058816K
  class space    used 1022K, capacity 1356K, committed 1408K, reserved 1048576K
}
Event: 25.638 GC heap after
{Heap after GC invocations=20 (full 0):
 garbage-first heap   total 325632K, used 181728K [0x0000000700000000, 0x0000000800000000)
  region size 2048K, 5 young (10240K), 5 survivors (10240K)
 Metaspace       used 8216K, capacity 11240K, committed 11392K, reserved 1058816K
  class space    used 1022K, capacity 1356K, committed 1408K, reserved 1048576K
}
Event: 26.534 GC heap before
{Heap before GC invocations=21 (full 0):
 garbage-first heap   total 352256K, used 267744K [0x0000000700000000, 0x0000000800000000)
  region size 2048K, 47 young (96256K), 5 survivors (10240K)
 Metaspace       used 8216K, capacity 11240K, committed 11392K, reserved 1058816K
  class space    used 1022K, capacity 1356K, committed 1408K, reserved 1048576K
}
Event: 26.543 GC heap after
{Heap after GC invocations=22 (full 0):
 garbage-first heap   total 352256K, used 188531K [0x0000000700000000, 0x0000000800000000)
  region size 2048K, 5 young (10240K), 5 survivors (10240K)
 Metaspace       used 8216K, capacity 11240K, committed 11392K, reserved 1058816K
  class space    used 1022K, capacity 1356K, committed 1408K, reserved 1048576K
}

