# JRE version: OpenJDK Runtime Environment (15.0.1+9) (build 15.0.1+9)
# Java VM: OpenJDK 64-Bit Server VM (15.0.1+9, mixed mode, sharing, tiered, compressed oops, g1 gc, bsd-amd64)
GC Precious Log:
 CPUs: 8 total, 8 available
 Memory: 16384M
 Large Page Support: Disabled
 NUMA Support: Disabled
 Compressed Oops: Enabled (Zero based)
 Heap Region Size: 2M
 Heap Min Capacity: 8M
 Heap Initial Capacity: 256M
 Heap Max Capacity: 4G
 Pre-touch: Disabled
 Parallel Workers: 8
 Concurrent Workers: 2
 Concurrent Refinement Workers: 8
 Periodic GC: Disabled
Heap:
 garbage-first heap   total 464896K, used 256579K [0x0000000700000000, 0x0000000800000000)
  region size 2048K, 9 young (18432K), 8 survivors (16384K)
 Metaspace       used 8184K, capacity 11240K, committed 11392K, reserved 1058816K
  class space    used 1021K, capacity 1356K, committed 1408K, reserved 1048576K
GC Heap History (20 events):
Event: 25.216 GC heap before
{Heap before GC invocations=18 (full 0):
 garbage-first heap   total 319488K, used 258676K [0x0000000700000000, 0x0000000800000000)
  region size 2048K, 50 young (102400K), 6 survivors (12288K)
 Metaspace       used 8182K, capacity 11239K, committed 11392K, reserved 1058816K
  class space    used 1021K, capacity 1356K, committed 1408K, reserved 1048576K
}
Event: 25.228 GC heap after
{Heap after GC invocations=19 (full 0):
 garbage-first heap   total 319488K, used 175325K [0x0000000700000000, 0x0000000800000000)
  region size 2048K, 6 young (12288K), 6 survivors (12288K)
 Metaspace       used 8182K, capacity 11239K, committed 11392K, reserved 1058816K
  class space    used 1021K, capacity 1356K, committed 1408K, reserved 1048576K
}
Event: 26.096 GC heap before
{Heap before GC invocations=19 (full 0):
 garbage-first heap   total 319488K, used 259293K [0x0000000700000000, 0x0000000800000000)
  region size 2048K, 47 young (96256K), 6 survivors (12288K)
 Metaspace       used 8184K, capacity 11240K, committed 11392K, reserved 1058816K
  class space    used 1021K, capacity 1356K, committed 1408K, reserved 1048576K
}
Event: 26.108 GC heap after
{Heap after GC invocations=20 (full 0):
 garbage-first heap   total 385024K, used 181712K [0x0000000700000000, 0x0000000800000000)
  region size 2048K, 5 young (10240K), 5 survivors (10240K)
 Metaspace       used 8184K, capacity 11240K, committed 11392K, reserved 1058816K
  class space    used 1021K, capacity 1356K, committed 1408K, reserved 1048576K
}
Event: 27.608 GC heap before
{Heap before GC invocations=21 (full 0):
 garbage-first heap   total 385024K, used 308688K [0x0000000700000000, 0x0000000800000000)
  region size 2048K, 67 young (137216K), 5 survivors (10240K)
 Metaspace       used 8184K, capacity 11240K, committed 11392K, reserved 1058816K
  class space    used 1021K, capacity 1356K, committed 1408K, reserved 1048576K
}
Event: 27.627 GC heap after
{Heap after GC invocations=22 (full 0):
 garbage-first heap   total 385024K, used 192237K [0x0000000700000000, 0x0000000800000000)
  region size 2048K, 9 young (18432K), 9 survivors (18432K)
 Metaspace       used 8184K, capacity 11240K, committed 11392K, reserved 1058816K
  class space    used 1021K, capacity 1356K, committed 1408K, reserved 1048576K
}
Event: 28.760 GC heap before
{Heap before GC invocations=22 (full 0):
 garbage-first heap   total 385024K, used 311021K [0x0000000700000000, 0x0000000800000000)
  region size 2048K, 67 young (137216K), 9 survivors (18432K)
 Metaspace       used 8184K, capacity 11240K, committed 11392K, reserved 1058816K
  class space    used 1021K, capacity 1356K, committed 1408K, reserved 1048576K
}
Event: 28.776 GC heap after
{Heap after GC invocations=23 (full 0):
 garbage-first heap   total 385024K, used 203610K [0x0000000700000000, 0x0000000800000000)
  region size 2048K, 7 young (14336K), 7 survivors (14336K)
 Metaspace       used 8184K, capacity 11240K, committed 11392K, reserved 1058816K
  class space    used 1021K, capacity 1356K, committed 1408K, reserved 1048576K
}
Event: 29.959 GC heap before
{Heap before GC invocations=24 (full 0):
 garbage-first heap   total 389120K, used 312154K [0x0000000700000000, 0x0000000800000000)
  region size 2048K, 60 young (122880K), 7 survivors (14336K)
 Metaspace       used 8184K, capacity 11240K, committed 11392K, reserved 1058816K
  class space    used 1021K, capacity 1356K, committed 1408K, reserved 1048576K
}
Event: 29.971 GC heap after
{Heap after GC invocations=25 (full 0):
 garbage-first heap   total 389120K, used 211747K [0x0000000700000000, 0x0000000800000000)
  region size 2048K, 7 young (14336K), 7 survivors (14336K)
 Metaspace       used 8184K, capacity 11240K, committed 11392K, reserved 1058816K
  class space    used 1021K, capacity 1356K, committed 1408K, reserved 1048576K
}
Event: 30.966 GC heap before
{Heap before GC invocations=25 (full 0):
 garbage-first heap   total 389120K, used 318243K [0x0000000700000000, 0x0000000800000000)
  region size 2048K, 59 young (120832K), 7 survivors (14336K)
 Metaspace       used 8184K, capacity 11240K, committed 11392K, reserved 1058816K
  class space    used 1021K, capacity 1356K, committed 1408K, reserved 1048576K
}
Event: 30.978 GC heap after
{Heap after GC invocations=26 (full 0):
 garbage-first heap   total 389120K, used 219629K [0x0000000700000000, 0x0000000800000000)
  region size 2048K, 6 young (12288K), 6 survivors (12288K)
 Metaspace       used 8184K, capacity 11240K, committed 11392K, reserved 1058816K
  class space    used 1021K, capacity 1356K, committed 1408K, reserved 1048576K
}
Event: 32.144 GC heap before
{Heap before GC invocations=27 (full 0):
 garbage-first heap   total 428032K, used 315885K [0x0000000700000000, 0x0000000800000000)
  region size 2048K, 53 young (108544K), 6 survivors (12288K)
 Metaspace       used 8184K, capacity 11240K, committed 11392K, reserved 1058816K
  class space    used 1021K, capacity 1356K, committed 1408K, reserved 1048576K
}
Event: 32.154 GC heap after
{Heap after GC invocations=28 (full 0):
 garbage-first heap   total 428032K, used 228033K [0x0000000700000000, 0x0000000800000000)
  region size 2048K, 6 young (12288K), 6 survivors (12288K)
 Metaspace       used 8184K, capacity 11240K, committed 11392K, reserved 1058816K
  class space    used 1021K, capacity 1356K, committed 1408K, reserved 1048576K
}
Event: 33.231 GC heap before
{Heap before GC invocations=28 (full 0):
 garbage-first heap   total 428032K, used 348865K [0x0000000700000000, 0x0000000800000000)
  region size 2048K, 65 young (133120K), 6 survivors (12288K)
 Metaspace       used 8184K, capacity 11240K, committed 11392K, reserved 1058816K
  class space    used 1021K, capacity 1356K, committed 1408K, reserved 1048576K
}
Event: 33.242 GC heap after
{Heap after GC invocations=29 (full 0):
 garbage-first heap   total 428032K, used 237492K [0x0000000700000000, 0x0000000800000000)
  region size 2048K, 7 young (14336K), 7 survivors (14336K)
 Metaspace       used 8184K, capacity 11240K, committed 11392K, reserved 1058816K
  class space    used 1021K, capacity 1356K, committed 1408K, reserved 1048576K
}
Event: 34.456 GC heap before
{Heap before GC invocations=30 (full 0):
 garbage-first heap   total 464896K, used 346036K [0x0000000700000000, 0x0000000800000000)
  region size 2048K, 60 young (122880K), 7 survivors (14336K)
 Metaspace       used 8184K, capacity 11240K, committed 11392K, reserved 1058816K
  class space    used 1021K, capacity 1356K, committed 1408K, reserved 1048576K
}
Event: 34.467 GC heap after
{Heap after GC invocations=31 (full 0):
 garbage-first heap   total 464896K, used 245602K [0x0000000700000000, 0x0000000800000000)
  region size 2048K, 7 young (14336K), 7 survivors (14336K)
 Metaspace       used 8184K, capacity 11240K, committed 11392K, reserved 1058816K
  class space    used 1021K, capacity 1356K, committed 1408K, reserved 1048576K
}
Event: 35.682 GC heap before
{Heap before GC invocations=31 (full 0):
 garbage-first heap   total 464896K, used 378722K [0x0000000700000000, 0x0000000800000000)
  region size 2048K, 72 young (147456K), 7 survivors (14336K)
 Metaspace       used 8184K, capacity 11240K, committed 11392K, reserved 1058816K
  class space    used 1021K, capacity 1356K, committed 1408K, reserved 1048576K
}
Event: 35.695 GC heap after
{Heap after GC invocations=32 (full 0):
 garbage-first heap   total 464896K, used 256579K [0x0000000700000000, 0x0000000800000000)
  region size 2048K, 8 young (16384K), 8 survivors (16384K)
 Metaspace       used 8184K, capacity 11240K, committed 11392K, reserved 1058816K
  class space    used 1021K, capacity 1356K, committed 1408K, reserved 1048576K
}

